running sdist
running egg_info
creating honeypots.egg-info
writing honeypots.egg-info/PKG-INFO
writing dependency_links to honeypots.egg-info/dependency_links.txt
writing entry points to honeypots.egg-info/entry_points.txt
writing requirements to honeypots.egg-info/requires.txt
writing top-level names to honeypots.egg-info/top_level.txt
writing manifest file 'honeypots.egg-info/SOURCES.txt'
reading manifest file 'honeypots.egg-info/SOURCES.txt'
writing manifest file 'honeypots.egg-info/SOURCES.txt'
running check
creating honeypots-0.64
creating honeypots-0.64/honeypots
creating honeypots-0.64/honeypots.egg-info
copying files to honeypots-0.64...
copying README.rst -> honeypots-0.64
copying setup.py -> honeypots-0.64
copying honeypots/__init__.py -> honeypots-0.64/honeypots
copying honeypots/__main__.py -> honeypots-0.64/honeypots
copying honeypots/dhcp_server.py -> honeypots-0.64/honeypots
copying honeypots/dns_server.py -> honeypots-0.64/honeypots
copying honeypots/elastic_server.py -> honeypots-0.64/honeypots
copying honeypots/ftp_server.py -> honeypots-0.64/honeypots
copying honeypots/helper.py -> honeypots-0.64/honeypots
copying honeypots/http_proxy_server.py -> honeypots-0.64/honeypots
copying honeypots/http_server.py -> honeypots-0.64/honeypots
copying honeypots/https_server.py -> honeypots-0.64/honeypots
copying honeypots/imap_server.py -> honeypots-0.64/honeypots
copying honeypots/ipp_server.py -> honeypots-0.64/honeypots
copying honeypots/irc_server.py -> honeypots-0.64/honeypots
copying honeypots/ldap_server.py -> honeypots-0.64/honeypots
copying honeypots/memcache_server.py -> honeypots-0.64/honeypots
copying honeypots/mssql_server.py -> honeypots-0.64/honeypots
copying honeypots/mysql_server.py -> honeypots-0.64/honeypots
copying honeypots/ntp_server.py -> honeypots-0.64/honeypots
copying honeypots/oracle_server.py -> honeypots-0.64/honeypots
copying honeypots/pjl_server.py -> honeypots-0.64/honeypots
copying honeypots/pop3_server.py -> honeypots-0.64/honeypots
copying honeypots/postgres_server.py -> honeypots-0.64/honeypots
copying honeypots/qbsniffer.py -> honeypots-0.64/honeypots
copying honeypots/rdp_server.py -> honeypots-0.64/honeypots
copying honeypots/redis_server.py -> honeypots-0.64/honeypots
copying honeypots/sip_server.py -> honeypots-0.64/honeypots
copying honeypots/smb_server.py -> honeypots-0.64/honeypots
copying honeypots/smtp_server.py -> honeypots-0.64/honeypots
copying honeypots/snmp_server.py -> honeypots-0.64/honeypots
copying honeypots/socks5_server.py -> honeypots-0.64/honeypots
copying honeypots/ssh_server.py -> honeypots-0.64/honeypots
copying honeypots/telnet_server.py -> honeypots-0.64/honeypots
copying honeypots/testing.py -> honeypots-0.64/honeypots
copying honeypots/vnc_server.py -> honeypots-0.64/honeypots
copying honeypots.egg-info/PKG-INFO -> honeypots-0.64/honeypots.egg-info
copying honeypots.egg-info/SOURCES.txt -> honeypots-0.64/honeypots.egg-info
copying honeypots.egg-info/dependency_links.txt -> honeypots-0.64/honeypots.egg-info
copying honeypots.egg-info/entry_points.txt -> honeypots-0.64/honeypots.egg-info
copying honeypots.egg-info/requires.txt -> honeypots-0.64/honeypots.egg-info
copying honeypots.egg-info/top_level.txt -> honeypots-0.64/honeypots.egg-info
Writing honeypots-0.64/setup.cfg
creating dist
Creating tar archive
removing 'honeypots-0.64' (and everything under it)
running bdist_wheel
running build
running build_py
creating build
creating build/lib
creating build/lib/honeypots
copying honeypots/memcache_server.py -> build/lib/honeypots
copying honeypots/ftp_server.py -> build/lib/honeypots
copying honeypots/__init__.py -> build/lib/honeypots
copying honeypots/http_proxy_server.py -> build/lib/honeypots
copying honeypots/dns_server.py -> build/lib/honeypots
copying honeypots/socks5_server.py -> build/lib/honeypots
copying honeypots/irc_server.py -> build/lib/honeypots
copying honeypots/ntp_server.py -> build/lib/honeypots
copying honeypots/smtp_server.py -> build/lib/honeypots
copying honeypots/rdp_server.py -> build/lib/honeypots
copying honeypots/https_server.py -> build/lib/honeypots
copying honeypots/postgres_server.py -> build/lib/honeypots
copying honeypots/sip_server.py -> build/lib/honeypots
copying honeypots/mysql_server.py -> build/lib/honeypots
copying honeypots/helper.py -> build/lib/honeypots
copying honeypots/telnet_server.py -> build/lib/honeypots
copying honeypots/smb_server.py -> build/lib/honeypots
copying honeypots/redis_server.py -> build/lib/honeypots
copying honeypots/qbsniffer.py -> build/lib/honeypots
copying honeypots/imap_server.py -> build/lib/honeypots
copying honeypots/dhcp_server.py -> build/lib/honeypots
copying honeypots/ssh_server.py -> build/lib/honeypots
copying honeypots/ipp_server.py -> build/lib/honeypots
copying honeypots/ldap_server.py -> build/lib/honeypots
copying honeypots/testing.py -> build/lib/honeypots
copying honeypots/vnc_server.py -> build/lib/honeypots
copying honeypots/elastic_server.py -> build/lib/honeypots
copying honeypots/pjl_server.py -> build/lib/honeypots
copying honeypots/pop3_server.py -> build/lib/honeypots
copying honeypots/mssql_server.py -> build/lib/honeypots
copying honeypots/http_server.py -> build/lib/honeypots
copying honeypots/snmp_server.py -> build/lib/honeypots
copying honeypots/oracle_server.py -> build/lib/honeypots
copying honeypots/__main__.py -> build/lib/honeypots
installing to build/bdist.linux-aarch64/wheel
running install
running install_lib
creating build/bdist.linux-aarch64
creating build/bdist.linux-aarch64/wheel
creating build/bdist.linux-aarch64/wheel/honeypots
copying build/lib/honeypots/memcache_server.py -> build/bdist.linux-aarch64/wheel/honeypots
copying build/lib/honeypots/ftp_server.py -> build/bdist.linux-aarch64/wheel/honeypots
copying build/lib/honeypots/__init__.py -> build/bdist.linux-aarch64/wheel/honeypots
copying build/lib/honeypots/http_proxy_server.py -> build/bdist.linux-aarch64/wheel/honeypots
copying build/lib/honeypots/dns_server.py -> build/bdist.linux-aarch64/wheel/honeypots
copying build/lib/honeypots/socks5_server.py -> build/bdist.linux-aarch64/wheel/honeypots
copying build/lib/honeypots/irc_server.py -> build/bdist.linux-aarch64/wheel/honeypots
copying build/lib/honeypots/ntp_server.py -> build/bdist.linux-aarch64/wheel/honeypots
copying build/lib/honeypots/smtp_server.py -> build/bdist.linux-aarch64/wheel/honeypots
copying build/lib/honeypots/rdp_server.py -> build/bdist.linux-aarch64/wheel/honeypots
copying build/lib/honeypots/https_server.py -> build/bdist.linux-aarch64/wheel/honeypots
copying build/lib/honeypots/postgres_server.py -> build/bdist.linux-aarch64/wheel/honeypots
copying build/lib/honeypots/sip_server.py -> build/bdist.linux-aarch64/wheel/honeypots
copying build/lib/honeypots/mysql_server.py -> build/bdist.linux-aarch64/wheel/honeypots
copying build/lib/honeypots/helper.py -> build/bdist.linux-aarch64/wheel/honeypots
copying build/lib/honeypots/telnet_server.py -> build/bdist.linux-aarch64/wheel/honeypots
copying build/lib/honeypots/smb_server.py -> build/bdist.linux-aarch64/wheel/honeypots
copying build/lib/honeypots/redis_server.py -> build/bdist.linux-aarch64/wheel/honeypots
copying build/lib/honeypots/qbsniffer.py -> build/bdist.linux-aarch64/wheel/honeypots
copying build/lib/honeypots/imap_server.py -> build/bdist.linux-aarch64/wheel/honeypots
copying build/lib/honeypots/dhcp_server.py -> build/bdist.linux-aarch64/wheel/honeypots
copying build/lib/honeypots/ssh_server.py -> build/bdist.linux-aarch64/wheel/honeypots
copying build/lib/honeypots/ipp_server.py -> build/bdist.linux-aarch64/wheel/honeypots
copying build/lib/honeypots/ldap_server.py -> build/bdist.linux-aarch64/wheel/honeypots
copying build/lib/honeypots/testing.py -> build/bdist.linux-aarch64/wheel/honeypots
copying build/lib/honeypots/vnc_server.py -> build/bdist.linux-aarch64/wheel/honeypots
copying build/lib/honeypots/elastic_server.py -> build/bdist.linux-aarch64/wheel/honeypots
copying build/lib/honeypots/pjl_server.py -> build/bdist.linux-aarch64/wheel/honeypots
copying build/lib/honeypots/pop3_server.py -> build/bdist.linux-aarch64/wheel/honeypots
copying build/lib/honeypots/mssql_server.py -> build/bdist.linux-aarch64/wheel/honeypots
copying build/lib/honeypots/http_server.py -> build/bdist.linux-aarch64/wheel/honeypots
copying build/lib/honeypots/snmp_server.py -> build/bdist.linux-aarch64/wheel/honeypots
copying build/lib/honeypots/oracle_server.py -> build/bdist.linux-aarch64/wheel/honeypots
copying build/lib/honeypots/__main__.py -> build/bdist.linux-aarch64/wheel/honeypots
running install_egg_info
Copying honeypots.egg-info to build/bdist.linux-aarch64/wheel/honeypots-0.64.egg-info
running install_scripts
adding license file "LICENSE" (matched pattern "LICEN[CS]E*")
creating build/bdist.linux-aarch64/wheel/honeypots-0.64.dist-info/WHEEL
creating 'dist/honeypots-0.64-py3-none-any.whl' and adding 'build/bdist.linux-aarch64/wheel' to it
adding 'honeypots/__init__.py'
adding 'honeypots/__main__.py'
adding 'honeypots/dhcp_server.py'
adding 'honeypots/dns_server.py'
adding 'honeypots/elastic_server.py'
adding 'honeypots/ftp_server.py'
adding 'honeypots/helper.py'
adding 'honeypots/http_proxy_server.py'
adding 'honeypots/http_server.py'
adding 'honeypots/https_server.py'
adding 'honeypots/imap_server.py'
adding 'honeypots/ipp_server.py'
adding 'honeypots/irc_server.py'
adding 'honeypots/ldap_server.py'
adding 'honeypots/memcache_server.py'
adding 'honeypots/mssql_server.py'
adding 'honeypots/mysql_server.py'
adding 'honeypots/ntp_server.py'
adding 'honeypots/oracle_server.py'
adding 'honeypots/pjl_server.py'
adding 'honeypots/pop3_server.py'
adding 'honeypots/postgres_server.py'
adding 'honeypots/qbsniffer.py'
adding 'honeypots/rdp_server.py'
adding 'honeypots/redis_server.py'
adding 'honeypots/sip_server.py'
adding 'honeypots/smb_server.py'
adding 'honeypots/smtp_server.py'
adding 'honeypots/snmp_server.py'
adding 'honeypots/socks5_server.py'
adding 'honeypots/ssh_server.py'
adding 'honeypots/telnet_server.py'
adding 'honeypots/testing.py'
adding 'honeypots/vnc_server.py'
adding 'honeypots-0.64.dist-info/LICENSE'
adding 'honeypots-0.64.dist-info/METADATA'
adding 'honeypots-0.64.dist-info/WHEEL'
adding 'honeypots-0.64.dist-info/entry_points.txt'
adding 'honeypots-0.64.dist-info/top_level.txt'
adding 'honeypots-0.64.dist-info/RECORD'
removing build/bdist.linux-aarch64/wheel
